<?xml version="1.0" encoding="UTF-8"?>
<testsuite name="com.amazon.ata.advertising.service.model.translator.AdvertisementContentTranslatorTest" tests="2" skipped="0" failures="0" errors="0" timestamp="2022-04-25T22:16:19" hostname="KrishnarthysAir" time="0.006">
  <properties/>
  <testcase name="toCoral_internalAdvertisementContent_correctCoralShape()" classname="com.amazon.ata.advertising.service.model.translator.AdvertisementContentTranslatorTest" time="0.001"/>
  <testcase name="fromCoral_coralShape_correctAdvertisementContent()" classname="com.amazon.ata.advertising.service.model.translator.AdvertisementContentTranslatorTest" time="0.004"/>
  <system-out><![CDATA[]]></system-out>
  <system-err><![CDATA[]]></system-err>
</testsuite>
