<?xml version="1.0" encoding="UTF-8"?>
<testsuite name="com.amazon.ata.advertising.service.activity.UpdateClickThroughRateActivityTest" tests="1" skipped="0" failures="0" errors="0" timestamp="2022-04-25T22:16:16" hostname="KrishnarthysAir" time="0.007">
  <properties/>
  <testcase name="updateClickThroughRate_newClickThroughRate_targetingGroupUpdated()" classname="com.amazon.ata.advertising.service.activity.UpdateClickThroughRateActivityTest" time="0.007"/>
  <system-out><![CDATA[]]></system-out>
  <system-err><![CDATA[]]></system-err>
</testsuite>
