<?xml version="1.0" encoding="UTF-8"?>
<testsuite name="com.tct.introspection.MT2IntrospectionTests" tests="1" skipped="0" failures="0" errors="0" timestamp="2022-04-25T22:16:12" hostname="KrishnarthysAir" time="0.033">
  <properties/>
  <testcase name="targetingEvaluator_concurrencyFlag_isSet()" classname="com.tct.introspection.MT2IntrospectionTests" time="0.033"/>
  <system-out><![CDATA[]]></system-out>
  <system-err><![CDATA[]]></system-err>
</testsuite>
