<?xml version="1.0" encoding="UTF-8"?>
<testsuite name="com.amazon.ata.advertising.service.model.AdvertisementContentTest" tests="7" skipped="0" failures="0" errors="0" timestamp="2022-04-25T22:16:19" hostname="KrishnarthysAir" time="0.053">
  <properties/>
  <testcase name="hashCode_equalObjects_equalHashCodes()" classname="com.amazon.ata.advertising.service.model.AdvertisementContentTest" time="0.001"/>
  <testcase name="equals_referentiallyEquals_returnsTrue()" classname="com.amazon.ata.advertising.service.model.AdvertisementContentTest" time="0.001"/>
  <testcase name="equals_otherClass_returnsFalse()" classname="com.amazon.ata.advertising.service.model.AdvertisementContentTest" time="0.001"/>
  <testcase name="hashCode_unequalObjects_unequalHashCodes()" classname="com.amazon.ata.advertising.service.model.AdvertisementContentTest" time="0.003"/>
  <testcase name="equals_unequalContentIds_returnsFalse()" classname="com.amazon.ata.advertising.service.model.AdvertisementContentTest" time="0.004"/>
  <testcase name="equals_equalContentId_returnsTrue()" classname="com.amazon.ata.advertising.service.model.AdvertisementContentTest" time="0.016"/>
  <testcase name="equals_null_returnsFalse()" classname="com.amazon.ata.advertising.service.model.AdvertisementContentTest" time="0.001"/>
  <system-out><![CDATA[]]></system-out>
  <system-err><![CDATA[]]></system-err>
</testsuite>
