<?xml version="1.0" encoding="UTF-8"?>
<testsuite name="com.tct.mastery.task2.GenerateAdvertisementRegressionTest" tests="1" skipped="0" failures="0" errors="0" timestamp="2022-04-25T22:15:55" hostname="KrishnarthysAir" time="16.313">
  <properties/>
  <testcase name="generateAdvertisement_withTargetCustomerIdInMarketplace_returnsAdvertisement()" classname="com.tct.mastery.task2.GenerateAdvertisementRegressionTest" time="16.313"/>
  <system-out><![CDATA[]]></system-out>
  <system-err><![CDATA[]]></system-err>
</testsuite>
