<?xml version="1.0" encoding="UTF-8"?>
<testsuite name="com.amazon.ata.advertising.service.targeting.TargetingEvaluatorTest" tests="8" skipped="0" failures="0" errors="0" timestamp="2022-04-25T22:16:15" hostname="KrishnarthysAir" time="0.353">
  <properties/>
  <testcase name="evaluateTrueAndFalsePredicate()" classname="com.amazon.ata.advertising.service.targeting.TargetingEvaluatorTest" time="0.263"/>
  <testcase name="evaluateTrueAndIndeterminatePredicate()" classname="com.amazon.ata.advertising.service.targeting.TargetingEvaluatorTest" time="0.007"/>
  <testcase name="evaluateNoPredicates()" classname="com.amazon.ata.advertising.service.targeting.TargetingEvaluatorTest" time="0.003"/>
  <testcase name="evaluateTruePredicate()" classname="com.amazon.ata.advertising.service.targeting.TargetingEvaluatorTest" time="0.006"/>
  <testcase name="evaluateMultipleTruePredicates()" classname="com.amazon.ata.advertising.service.targeting.TargetingEvaluatorTest" time="0.02"/>
  <testcase name="evaluateIndeterminatePredicate()" classname="com.amazon.ata.advertising.service.targeting.TargetingEvaluatorTest" time="0.012"/>
  <testcase name="evaluateFalseAndIndeterminatePredicate()" classname="com.amazon.ata.advertising.service.targeting.TargetingEvaluatorTest" time="0.01"/>
  <testcase name="evaluateFalsePredicate()" classname="com.amazon.ata.advertising.service.targeting.TargetingEvaluatorTest" time="0.01"/>
  <system-out><![CDATA[]]></system-out>
  <system-err><![CDATA[]]></system-err>
</testsuite>
