<?xml version="1.0" encoding="UTF-8"?>
<testsuite name="com.amazon.ata.advertising.service.targeting.predicate.CategorySpendFrequencyTargetingPredicateTest" tests="7" skipped="0" failures="0" errors="0" timestamp="2022-04-25T22:16:12" hostname="KrishnarthysAir" time="2.601">
  <properties/>
  <testcase name="unrecognized_inverse()" classname="com.amazon.ata.advertising.service.targeting.predicate.CategorySpendFrequencyTargetingPredicateTest" time="2.557"/>
  <testcase name="predicatePass_inverse()" classname="com.amazon.ata.advertising.service.targeting.predicate.CategorySpendFrequencyTargetingPredicateTest" time="0.017"/>
  <testcase name="unrecognized()" classname="com.amazon.ata.advertising.service.targeting.predicate.CategorySpendFrequencyTargetingPredicateTest" time="0.003"/>
  <testcase name="predicateFail_inverse()" classname="com.amazon.ata.advertising.service.targeting.predicate.CategorySpendFrequencyTargetingPredicateTest" time="0.003"/>
  <testcase name="predicateFail()" classname="com.amazon.ata.advertising.service.targeting.predicate.CategorySpendFrequencyTargetingPredicateTest" time="0.004"/>
  <testcase name="predicatePass()" classname="com.amazon.ata.advertising.service.targeting.predicate.CategorySpendFrequencyTargetingPredicateTest" time="0.003"/>
  <testcase name="categoryNotPresentInMap()" classname="com.amazon.ata.advertising.service.targeting.predicate.CategorySpendFrequencyTargetingPredicateTest" time="0.004"/>
  <system-out><![CDATA[]]></system-out>
  <system-err><![CDATA[]]></system-err>
</testsuite>
