<?xml version="1.0" encoding="UTF-8"?>
<testsuite name="com.tct.introspection.MT1IntrospectionTests" tests="2" skipped="0" failures="0" errors="0" timestamp="2022-04-25T22:16:11" hostname="KrishnarthysAir" time="0.695">
  <properties/>
  <testcase name="targetingEvaluator_convertedLoopToStream_setImplementedStreamsFlag()" classname="com.tct.introspection.MT1IntrospectionTests" time="0.578"/>
  <testcase name="addTargetingGroupActivity_convertedLoopToStream_setImplementedStreamsFlag()" classname="com.tct.introspection.MT1IntrospectionTests" time="0.11"/>
  <system-out><![CDATA[]]></system-out>
  <system-err><![CDATA[SLF4J: Failed to load class "org.slf4j.impl.StaticLoggerBinder".
SLF4J: Defaulting to no-operation (NOP) logger implementation
SLF4J: See http://www.slf4j.org/codes.html#StaticLoggerBinder for further details.
]]></system-err>
</testsuite>
