<?xml version="1.0" encoding="UTF-8"?>
<testsuite name="com.amazon.ata.advertising.service.targeting.predicate.ParentPredicateTest" tests="6" skipped="0" failures="0" errors="0" timestamp="2022-04-25T22:16:15" hostname="KrishnarthysAir" time="0.062">
  <properties/>
  <testcase name="matchesParentStatus_inverse()" classname="com.amazon.ata.advertising.service.targeting.predicate.ParentPredicateTest" time="0.017"/>
  <testcase name="unrecognized()" classname="com.amazon.ata.advertising.service.targeting.predicate.ParentPredicateTest" time="0.004"/>
  <testcase name="matchesParentStatus()" classname="com.amazon.ata.advertising.service.targeting.predicate.ParentPredicateTest" time="0.005"/>
  <testcase name="doesNotMatchParentStatus()" classname="com.amazon.ata.advertising.service.targeting.predicate.ParentPredicateTest" time="0.004"/>
  <testcase name="nullParentStatus()" classname="com.amazon.ata.advertising.service.targeting.predicate.ParentPredicateTest" time="0.003"/>
  <testcase name="doesNotMatchParentStatus_inverse()" classname="com.amazon.ata.advertising.service.targeting.predicate.ParentPredicateTest" time="0.011"/>
  <system-out><![CDATA[]]></system-out>
  <system-err><![CDATA[]]></system-err>
</testsuite>
