<?xml version="1.0" encoding="UTF-8"?>
<testsuite name="com.tct.mastery.task3.part2.MasteryTaskThreeTests" tests="1" skipped="0" failures="0" errors="0" timestamp="2022-04-25T22:15:11" hostname="KrishnarthysAir" time="14.144">
  <properties/>
  <testcase name="generateAdvertisementNoCustomerId_multipleContentEachSingleTargetingGroups_alwaysReturnsHighestCTR()" classname="com.tct.mastery.task3.part2.MasteryTaskThreeTests" time="14.144"/>
  <system-out><![CDATA[]]></system-out>
  <system-err><![CDATA[]]></system-err>
</testsuite>
