<?xml version="1.0" encoding="UTF-8"?>
<testsuite name="com.amazon.ata.advertising.service.targeting.predicate.AgeTargetingPredicateTest" tests="5" skipped="0" failures="0" errors="0" timestamp="2022-04-25T22:16:15" hostname="KrishnarthysAir" time="0.027">
  <properties/>
  <testcase name="unrecognized()" classname="com.amazon.ata.advertising.service.targeting.predicate.AgeTargetingPredicateTest" time="0.002"/>
  <testcase name="doesNotMatchAgeRange()" classname="com.amazon.ata.advertising.service.targeting.predicate.AgeTargetingPredicateTest" time="0.003"/>
  <testcase name="matchesAgeRange()" classname="com.amazon.ata.advertising.service.targeting.predicate.AgeTargetingPredicateTest" time="0.003"/>
  <testcase name="matchesAgeRange_inverse()" classname="com.amazon.ata.advertising.service.targeting.predicate.AgeTargetingPredicateTest" time="0.003"/>
  <testcase name="doesNotMatchAgeRange_inverse()" classname="com.amazon.ata.advertising.service.targeting.predicate.AgeTargetingPredicateTest" time="0.005"/>
  <system-out><![CDATA[]]></system-out>
  <system-err><![CDATA[]]></system-err>
</testsuite>
