<?xml version="1.0" encoding="UTF-8"?>
<testsuite name="com.amazon.ata.advertising.service.activity.CreateContentActivityTest" tests="2" skipped="0" failures="0" errors="0" timestamp="2022-04-25T22:16:16" hostname="KrishnarthysAir" time="0.027">
  <properties/>
  <testcase name="createContent_nullTargetingPredicates_savesEmptyListOfTargetingPredicates()" classname="com.amazon.ata.advertising.service.activity.CreateContentActivityTest" time="0.01"/>
  <testcase name="createContent_contentRequested_contentSaved()" classname="com.amazon.ata.advertising.service.activity.CreateContentActivityTest" time="0.01"/>
  <system-out><![CDATA[]]></system-out>
  <system-err><![CDATA[]]></system-err>
</testsuite>
