<?xml version="1.0" encoding="UTF-8"?>
<testsuite name="com.amazon.ata.advertising.service.activity.DeleteContentActivityTest" tests="2" skipped="0" failures="0" errors="0" timestamp="2022-04-25T22:16:16" hostname="KrishnarthysAir" time="0.057">
  <properties/>
  <testcase name="deleteContent_contentIdExists_contentAndTargetingDeleted()" classname="com.amazon.ata.advertising.service.activity.DeleteContentActivityTest" time="0.043"/>
  <testcase name="deleteContent_contentIdDoesNotExist_throwsException()" classname="com.amazon.ata.advertising.service.activity.DeleteContentActivityTest" time="0.012"/>
  <system-out><![CDATA[]]></system-out>
  <system-err><![CDATA[]]></system-err>
</testsuite>
