<?xml version="1.0" encoding="UTF-8"?>
<testsuite name="com.amazon.ata.advertising.service.activity.AddTargetingGroupActivityTest" tests="2" skipped="0" failures="0" errors="0" timestamp="2022-04-25T22:16:16" hostname="KrishnarthysAir" time="0.247">
  <properties/>
  <testcase name="addTargetingGroup_withPredicates_createTargetingGroupWithPredicates()" classname="com.amazon.ata.advertising.service.activity.AddTargetingGroupActivityTest" time="0.242"/>
  <testcase name="addTargetingGroup_withoutPredicates_createTargetingGroupWithoutPredicates()" classname="com.amazon.ata.advertising.service.activity.AddTargetingGroupActivityTest" time="0.004"/>
  <system-out><![CDATA[]]></system-out>
  <system-err><![CDATA[]]></system-err>
</testsuite>
