<?xml version="1.0" encoding="UTF-8"?>
<testsuite name="com.amazon.ata.advertising.service.businesslogic.AdvertisementSelectionLogicTest" tests="5" skipped="0" failures="0" errors="0" timestamp="2022-04-25T22:16:18" hostname="KrishnarthysAir" time="0.279">
  <properties/>
  <testcase name="selectAdvertisement_multipleAds_returnsOneRandom()" classname="com.amazon.ata.advertising.service.businesslogic.AdvertisementSelectionLogicTest" time="0.244"/>
  <testcase name="selectAdvertisement_nullMarketplaceId_EmptyAdReturned()" classname="com.amazon.ata.advertising.service.businesslogic.AdvertisementSelectionLogicTest" time="0.002"/>
  <testcase name="selectAdvertisement_emptyMarketplaceId_EmptyAdReturned()" classname="com.amazon.ata.advertising.service.businesslogic.AdvertisementSelectionLogicTest" time="0.003"/>
  <testcase name="selectAdvertisement_oneAd_returnsAd()" classname="com.amazon.ata.advertising.service.businesslogic.AdvertisementSelectionLogicTest" time="0.02"/>
  <testcase name="selectAdvertisement_noContentForMarketplace_emptyAdReturned()" classname="com.amazon.ata.advertising.service.businesslogic.AdvertisementSelectionLogicTest" time="0.005"/>
  <system-out><![CDATA[]]></system-out>
  <system-err><![CDATA[]]></system-err>
</testsuite>
