<?xml version="1.0" encoding="UTF-8"?>
<testsuite name="com.amazon.ata.advertising.service.dependency.TargetingPredicateInjectorTest" tests="6" skipped="0" failures="0" errors="0" timestamp="2022-04-25T22:16:18" hostname="KrishnarthysAir" time="0.125">
  <properties/>
  <testcase name="inject_primePredicate_isInject()" classname="com.amazon.ata.advertising.service.dependency.TargetingPredicateInjectorTest" time="0.045"/>
  <testcase name="inject_spendFrequencyPredicate_isInject()" classname="com.amazon.ata.advertising.service.dependency.TargetingPredicateInjectorTest" time="0.004"/>
  <testcase name="inject_parentPredicate_isInject()" classname="com.amazon.ata.advertising.service.dependency.TargetingPredicateInjectorTest" time="0.004"/>
  <testcase name="inject_recognizedPredicate_isInject()" classname="com.amazon.ata.advertising.service.dependency.TargetingPredicateInjectorTest" time="0.015"/>
  <testcase name="inject_agePredicate_isInject()" classname="com.amazon.ata.advertising.service.dependency.TargetingPredicateInjectorTest" time="0.015"/>
  <testcase name="inject_spendValuePredicate_isInject()" classname="com.amazon.ata.advertising.service.dependency.TargetingPredicateInjectorTest" time="0.009"/>
  <system-out><![CDATA[]]></system-out>
  <system-err><![CDATA[]]></system-err>
</testsuite>
