<?xml version="1.0" encoding="UTF-8"?>
<testsuite name="com.amazon.ata.advertising.service.targeting.predicate.RecognizedTargetingPredicateTest" tests="4" skipped="0" failures="0" errors="0" timestamp="2022-04-25T22:16:15" hostname="KrishnarthysAir" time="0.028">
  <properties/>
  <testcase name="unrecognizedCustomer_inverse()" classname="com.amazon.ata.advertising.service.targeting.predicate.RecognizedTargetingPredicateTest" time="0.002"/>
  <testcase name="unrecognizedCustomer()" classname="com.amazon.ata.advertising.service.targeting.predicate.RecognizedTargetingPredicateTest" time="0.003"/>
  <testcase name="recognizedCustomer_inverse()" classname="com.amazon.ata.advertising.service.targeting.predicate.RecognizedTargetingPredicateTest" time="0.003"/>
  <testcase name="recognizedCustomer()" classname="com.amazon.ata.advertising.service.targeting.predicate.RecognizedTargetingPredicateTest" time="0.003"/>
  <system-out><![CDATA[]]></system-out>
  <system-err><![CDATA[]]></system-err>
</testsuite>
