<?xml version="1.0" encoding="UTF-8"?>
<testsuite name="com.tct.mastery.task2.MasteryTaskTwoTests" tests="1" skipped="0" failures="0" errors="0" timestamp="2022-04-25T22:15:38" hostname="KrishnarthysAir" time="16.615">
  <properties/>
  <testcase name="generateAdvertisement_withTargetCustomerIdInMarketplace_returnsAdvertisement()" classname="com.tct.mastery.task2.MasteryTaskTwoTests" time="16.615"/>
  <system-out><![CDATA[]]></system-out>
  <system-err><![CDATA[]]></system-err>
</testsuite>
