<?xml version="1.0" encoding="UTF-8"?>
<testsuite name="com.amazon.ata.advertising.service.dao.CustomerSpendDaoTest" tests="1" skipped="0" failures="0" errors="0" timestamp="2022-04-25T22:16:18" hostname="KrishnarthysAir" time="0.003">
  <properties/>
  <testcase name="get_requestContext_receivesCustomerSpendCategories()" classname="com.amazon.ata.advertising.service.dao.CustomerSpendDaoTest" time="0.003"/>
  <system-out><![CDATA[]]></system-out>
  <system-err><![CDATA[]]></system-err>
</testsuite>
